Determining if the pthread_create exist failed with the following output:
Change Dir: /home/ubuntu/cc/rosdji_sdk/build/CMakeFiles/CMakeTmp

Run Build Command:/usr/bin/make "cmTryCompileExec2716477107/fast"
/usr/bin/make -f CMakeFiles/cmTryCompileExec2716477107.dir/build.make CMakeFiles/cmTryCompileExec2716477107.dir/build
make[1]: Entering directory `/home/ubuntu/cc/rosdji_sdk/build/CMakeFiles/CMakeTmp'
/usr/bin/cmake -E cmake_progress_report /home/ubuntu/cc/rosdji_sdk/build/CMakeFiles/CMakeTmp/CMakeFiles 1
Building C object CMakeFiles/cmTryCompileExec2716477107.dir/CheckSymbolExists.c.o
/usr/bin/cc    -o CMakeFiles/cmTryCompileExec2716477107.dir/CheckSymbolExists.c.o   -c /home/ubuntu/cc/rosdji_sdk/build/CMakeFiles/CMakeTmp/CheckSymbolExists.c
Linking C executable cmTryCompileExec2716477107
/usr/bin/cmake -E cmake_link_script CMakeFiles/cmTryCompileExec2716477107.dir/link.txt --verbose=1
/usr/bin/cc       CMakeFiles/cmTryCompileExec2716477107.dir/CheckSymbolExists.c.o  -o cmTryCompileExec2716477107 -rdynamic 
CMakeFiles/cmTryCompileExec2716477107.dir/CheckSymbolExists.c.o: In function `main':
CheckSymbolExists.c:(.text+0xe): undefined reference to `pthread_create'
CheckSymbolExists.c:(.text+0x12): undefined reference to `pthread_create'
make[1]: Leaving directory `/home/ubuntu/cc/rosdji_sdk/build/CMakeFiles/CMakeTmp'
collect2: error: ld returned 1 exit status
make[1]: *** [cmTryCompileExec2716477107] Error 1
make: *** [cmTryCompileExec2716477107/fast] Error 2

File /home/ubuntu/cc/rosdji_sdk/build/CMakeFiles/CMakeTmp/CheckSymbolExists.c:
/* */
#include <pthread.h>

int main(int argc, char** argv)
{
  (void)argv;
#ifndef pthread_create
  return ((int*)(&pthread_create))[argc];
#else
  (void)argc;
  return 0;
#endif
}

Determining if the function pthread_create exists in the pthreads failed with the following output:
Change Dir: /home/ubuntu/cc/rosdji_sdk/build/CMakeFiles/CMakeTmp

Run Build Command:/usr/bin/make "cmTryCompileExec703192072/fast"
/usr/bin/make -f CMakeFiles/cmTryCompileExec703192072.dir/build.make CMakeFiles/cmTryCompileExec703192072.dir/build
make[1]: Entering directory `/home/ubuntu/cc/rosdji_sdk/build/CMakeFiles/CMakeTmp'
/usr/bin/cmake -E cmake_progress_report /home/ubuntu/cc/rosdji_sdk/build/CMakeFiles/CMakeTmp/CMakeFiles 1
Building C object CMakeFiles/cmTryCompileExec703192072.dir/CheckFunctionExists.c.o
/usr/bin/cc   -DCHECK_FUNCTION_EXISTS=pthread_create   -o CMakeFiles/cmTryCompileExec703192072.dir/CheckFunctionExists.c.o   -c /usr/share/cmake-2.8/Modules/CheckFunctionExists.c
Linking C executable cmTryCompileExec703192072
/usr/bin/cmake -E cmake_link_script CMakeFiles/cmTryCompileExec703192072.dir/link.txt --verbose=1
/usr/bin/cc   -DCHECK_FUNCTION_EXISTS=pthread_create    CMakeFiles/cmTryCompileExec703192072.dir/CheckFunctionExists.c.o  -o cmTryCompileExec703192072 -rdynamic -lpthreads 
/usr/bin/ld: cannot find -lpthreads
make[1]: Leaving directory `/home/ubuntu/cc/rosdji_sdk/build/CMakeFiles/CMakeTmp'
collect2: error: ld returned 1 exit status
make[1]: *** [cmTryCompileExec703192072] Error 1
make: *** [cmTryCompileExec703192072/fast] Error 2


