Determining if the pthread_create exist failed with the following output:
Change Dir: /home/ubuntu/hj/workspace/jetson-ros/build/CMakeFiles/CMakeTmp

Run Build Command:"/usr/bin/make" "cmTC_32e7d/fast"
/usr/bin/make -f CMakeFiles/cmTC_32e7d.dir/build.make CMakeFiles/cmTC_32e7d.dir/build
make[1]: Entering directory '/home/ubuntu/hj/workspace/jetson-ros/build/CMakeFiles/CMakeTmp'
Building C object CMakeFiles/cmTC_32e7d.dir/CheckSymbolExists.c.o
/usr/bin/cc     -o CMakeFiles/cmTC_32e7d.dir/CheckSymbolExists.c.o   -c /home/ubuntu/hj/workspace/jetson-ros/build/CMakeFiles/CMakeTmp/CheckSymbolExists.c
Linking C executable cmTC_32e7d
/usr/bin/cmake -E cmake_link_script CMakeFiles/cmTC_32e7d.dir/link.txt --verbose=1
/usr/bin/cc       CMakeFiles/cmTC_32e7d.dir/CheckSymbolExists.c.o  -o cmTC_32e7d -rdynamic 
CMakeFiles/cmTC_32e7d.dir/CheckSymbolExists.c.o: In function `main':
CheckSymbolExists.c:(.text+0x14): undefined reference to `pthread_create'
CheckSymbolExists.c:(.text+0x18): undefined reference to `pthread_create'
collect2: error: ld returned 1 exit status
CMakeFiles/cmTC_32e7d.dir/build.make:97: recipe for target 'cmTC_32e7d' failed
make[1]: *** [cmTC_32e7d] Error 1
make[1]: Leaving directory '/home/ubuntu/hj/workspace/jetson-ros/build/CMakeFiles/CMakeTmp'
Makefile:126: recipe for target 'cmTC_32e7d/fast' failed
make: *** [cmTC_32e7d/fast] Error 2

File /home/ubuntu/hj/workspace/jetson-ros/build/CMakeFiles/CMakeTmp/CheckSymbolExists.c:
/* */
#include <pthread.h>

int main(int argc, char** argv)
{
  (void)argv;
#ifndef pthread_create
  return ((int*)(&pthread_create))[argc];
#else
  (void)argc;
  return 0;
#endif
}

Determining if the function pthread_create exists in the pthreads failed with the following output:
Change Dir: /home/ubuntu/hj/workspace/jetson-ros/build/CMakeFiles/CMakeTmp

Run Build Command:"/usr/bin/make" "cmTC_964c3/fast"
/usr/bin/make -f CMakeFiles/cmTC_964c3.dir/build.make CMakeFiles/cmTC_964c3.dir/build
make[1]: Entering directory '/home/ubuntu/hj/workspace/jetson-ros/build/CMakeFiles/CMakeTmp'
Building C object CMakeFiles/cmTC_964c3.dir/CheckFunctionExists.c.o
/usr/bin/cc    -DCHECK_FUNCTION_EXISTS=pthread_create   -o CMakeFiles/cmTC_964c3.dir/CheckFunctionExists.c.o   -c /usr/share/cmake-3.5/Modules/CheckFunctionExists.c
Linking C executable cmTC_964c3
/usr/bin/cmake -E cmake_link_script CMakeFiles/cmTC_964c3.dir/link.txt --verbose=1
/usr/bin/cc   -DCHECK_FUNCTION_EXISTS=pthread_create    CMakeFiles/cmTC_964c3.dir/CheckFunctionExists.c.o  -o cmTC_964c3 -rdynamic -lpthreads 
/usr/bin/ld: cannot find -lpthreads
collect2: error: ld returned 1 exit status
CMakeFiles/cmTC_964c3.dir/build.make:97: recipe for target 'cmTC_964c3' failed
make[1]: *** [cmTC_964c3] Error 1
make[1]: Leaving directory '/home/ubuntu/hj/workspace/jetson-ros/build/CMakeFiles/CMakeTmp'
Makefile:126: recipe for target 'cmTC_964c3/fast' failed
make: *** [cmTC_964c3/fast] Error 2


Determining if the Q_WS_WIN exist failed with the following output:
Change Dir: /home/ubuntu/hj/workspace/jetson-ros/build/CMakeFiles/CMakeTmp

Run Build Command:"/usr/bin/make" "cmTC_5f783/fast"
/usr/bin/make -f CMakeFiles/cmTC_5f783.dir/build.make CMakeFiles/cmTC_5f783.dir/build
make[1]: Entering directory '/home/ubuntu/hj/workspace/jetson-ros/build/CMakeFiles/CMakeTmp'
Building CXX object CMakeFiles/cmTC_5f783.dir/CheckSymbolExists.cxx.o
/usr/bin/c++    -I/usr/include/qt4  -std=c++11    -o CMakeFiles/cmTC_5f783.dir/CheckSymbolExists.cxx.o -c /home/ubuntu/hj/workspace/jetson-ros/build/CMakeFiles/CMakeTmp/CheckSymbolExists.cxx
/home/ubuntu/hj/workspace/jetson-ros/build/CMakeFiles/CMakeTmp/CheckSymbolExists.cxx: In function ‘int main(int, char**)’:
/home/ubuntu/hj/workspace/jetson-ros/build/CMakeFiles/CMakeTmp/CheckSymbolExists.cxx:8:19: error: ‘Q_WS_WIN’ was not declared in this scope
   return ((int*)(&Q_WS_WIN))[argc];
                   ^
CMakeFiles/cmTC_5f783.dir/build.make:65: recipe for target 'CMakeFiles/cmTC_5f783.dir/CheckSymbolExists.cxx.o' failed
make[1]: *** [CMakeFiles/cmTC_5f783.dir/CheckSymbolExists.cxx.o] Error 1
make[1]: Leaving directory '/home/ubuntu/hj/workspace/jetson-ros/build/CMakeFiles/CMakeTmp'
Makefile:126: recipe for target 'cmTC_5f783/fast' failed
make: *** [cmTC_5f783/fast] Error 2

File /home/ubuntu/hj/workspace/jetson-ros/build/CMakeFiles/CMakeTmp/CheckSymbolExists.cxx:
/* */
#include <QtCore/qglobal.h>

int main(int argc, char** argv)
{
  (void)argv;
#ifndef Q_WS_WIN
  return ((int*)(&Q_WS_WIN))[argc];
#else
  (void)argc;
  return 0;
#endif
}

Determining if the Q_WS_QWS exist failed with the following output:
Change Dir: /home/ubuntu/hj/workspace/jetson-ros/build/CMakeFiles/CMakeTmp

Run Build Command:"/usr/bin/make" "cmTC_48a59/fast"
/usr/bin/make -f CMakeFiles/cmTC_48a59.dir/build.make CMakeFiles/cmTC_48a59.dir/build
make[1]: Entering directory '/home/ubuntu/hj/workspace/jetson-ros/build/CMakeFiles/CMakeTmp'
Building CXX object CMakeFiles/cmTC_48a59.dir/CheckSymbolExists.cxx.o
/usr/bin/c++    -I/usr/include/qt4  -std=c++11    -o CMakeFiles/cmTC_48a59.dir/CheckSymbolExists.cxx.o -c /home/ubuntu/hj/workspace/jetson-ros/build/CMakeFiles/CMakeTmp/CheckSymbolExists.cxx
/home/ubuntu/hj/workspace/jetson-ros/build/CMakeFiles/CMakeTmp/CheckSymbolExists.cxx: In function ‘int main(int, char**)’:
/home/ubuntu/hj/workspace/jetson-ros/build/CMakeFiles/CMakeTmp/CheckSymbolExists.cxx:8:19: error: ‘Q_WS_QWS’ was not declared in this scope
   return ((int*)(&Q_WS_QWS))[argc];
                   ^
CMakeFiles/cmTC_48a59.dir/build.make:65: recipe for target 'CMakeFiles/cmTC_48a59.dir/CheckSymbolExists.cxx.o' failed
make[1]: *** [CMakeFiles/cmTC_48a59.dir/CheckSymbolExists.cxx.o] Error 1
make[1]: Leaving directory '/home/ubuntu/hj/workspace/jetson-ros/build/CMakeFiles/CMakeTmp'
Makefile:126: recipe for target 'cmTC_48a59/fast' failed
make: *** [cmTC_48a59/fast] Error 2

File /home/ubuntu/hj/workspace/jetson-ros/build/CMakeFiles/CMakeTmp/CheckSymbolExists.cxx:
/* */
#include <QtCore/qglobal.h>

int main(int argc, char** argv)
{
  (void)argv;
#ifndef Q_WS_QWS
  return ((int*)(&Q_WS_QWS))[argc];
#else
  (void)argc;
  return 0;
#endif
}

Determining if the Q_WS_MAC exist failed with the following output:
Change Dir: /home/ubuntu/hj/workspace/jetson-ros/build/CMakeFiles/CMakeTmp

Run Build Command:"/usr/bin/make" "cmTC_f0c0a/fast"
/usr/bin/make -f CMakeFiles/cmTC_f0c0a.dir/build.make CMakeFiles/cmTC_f0c0a.dir/build
make[1]: Entering directory '/home/ubuntu/hj/workspace/jetson-ros/build/CMakeFiles/CMakeTmp'
Building CXX object CMakeFiles/cmTC_f0c0a.dir/CheckSymbolExists.cxx.o
/usr/bin/c++    -I/usr/include/qt4  -std=c++11    -o CMakeFiles/cmTC_f0c0a.dir/CheckSymbolExists.cxx.o -c /home/ubuntu/hj/workspace/jetson-ros/build/CMakeFiles/CMakeTmp/CheckSymbolExists.cxx
/home/ubuntu/hj/workspace/jetson-ros/build/CMakeFiles/CMakeTmp/CheckSymbolExists.cxx: In function ‘int main(int, char**)’:
/home/ubuntu/hj/workspace/jetson-ros/build/CMakeFiles/CMakeTmp/CheckSymbolExists.cxx:8:19: error: ‘Q_WS_MAC’ was not declared in this scope
   return ((int*)(&Q_WS_MAC))[argc];
                   ^
CMakeFiles/cmTC_f0c0a.dir/build.make:65: recipe for target 'CMakeFiles/cmTC_f0c0a.dir/CheckSymbolExists.cxx.o' failed
make[1]: *** [CMakeFiles/cmTC_f0c0a.dir/CheckSymbolExists.cxx.o] Error 1
make[1]: Leaving directory '/home/ubuntu/hj/workspace/jetson-ros/build/CMakeFiles/CMakeTmp'
Makefile:126: recipe for target 'cmTC_f0c0a/fast' failed
make: *** [cmTC_f0c0a/fast] Error 2

File /home/ubuntu/hj/workspace/jetson-ros/build/CMakeFiles/CMakeTmp/CheckSymbolExists.cxx:
/* */
#include <QtCore/qglobal.h>

int main(int argc, char** argv)
{
  (void)argv;
#ifndef Q_WS_MAC
  return ((int*)(&Q_WS_MAC))[argc];
#else
  (void)argc;
  return 0;
#endif
}

